{
  "timestamp": "2025-05-16T01:40:48.009Z",
  "topic": "patrion/sensors/temp_sensor_01",
  "data": {
    "sensor_id": "temp_sensor_01",
    "timestamp": 1747359647,
    "temperature": 26.1,
    "humidity": 55.3
  },
  "error": ""
}
{
  "timestamp": "2025-05-16T01:40:48.524Z",
  "topic": "patrion/sensors/temp_sensor_02",
  "data": {
    "sensor_id": "temp_sensor_02",
    "timestamp": 1747359648,
    "temperature": 23.7,
    "humidity": 66.7
  },
  "error": ""
}
{
  "timestamp": "2025-05-16T01:40:49.032Z",
  "topic": "patrion/sensors/temp_sensor_03",
  "data": {
    "sensor_id": "temp_sensor_03",
    "timestamp": 1747359649,
    "temperature": 62.5,
    "humidity": 45.4
  },
  "error": ""
}
{
  "timestamp": "2025-05-16T01:40:49.549Z",
  "topic": "patrion/sensors/patrion_temp_sensor_01",
  "data": {
    "sensor_id": "patrion_temp_sensor_01",
    "timestamp": 1747359649,
    "temperature": 23.7,
    "humidity": 49.2
  },
  "error": ""
}
